<?xml version="1.0" encoding="UTF-8"?>
<!-- Generated by org.testng.reporters.JUnitReportReporter -->
<testsuite hostname="DESKTOP-GAVGNF3" failures="0" tests="1" name="JavaPackage.LaunchBrowser" time="26.709" errors="0" timestamp="2023-05-15T21:24:10 IST" skipped="0">
  <testcase classname="JavaPackage.LaunchBrowser" name="some" time="26.709"/>
  <system-out/>
</testsuite> <!-- JavaPackage.LaunchBrowser -->
