<?xml version="1.0" encoding="UTF-8"?>
<!-- Generated by org.testng.reporters.JUnitReportReporter -->
<testsuite hostname="DESKTOP-GAVGNF3" failures="0" tests="1" name="MyPack.ApppTest" time="14.360" errors="0" timestamp="2023-05-15T21:27:12 IST" skipped="0">
  <testcase classname="MyPack.ApppTest" name="some" time="14.360"/>
  <system-out/>
</testsuite> <!-- MyPack.ApppTest -->
