<?xml version="1.0" encoding="UTF-8"?>
<!-- Generated by org.testng.reporters.JUnitReportReporter -->
<testsuite hostname="LTIN169567" failures="0" tests="3" name="TestSuites.TestCases" time="109.641" errors="0" timestamp="2023-06-05T09:59:07 IST" skipped="0">
  <testcase classname="TestSuites.TestCases" name="Retrieve" time="41.286"/>
  <system-out/>
  <testcase classname="TestSuites.TestCases" name="Listing" time="32.336"/>
  <system-out/>
  <testcase classname="TestSuites.TestCases" name="CarDetails" time="36.019"/>
  <system-out/>
</testsuite> <!-- TestSuites.TestCases -->
